<?xml version="1.0" encoding="UTF-8" ?>
<testsuite tests="1" failures="0" name="org.apache.commons.validator.VarTest" time="0.001" errors="1" skipped="0">
  <properties>
[...]
</properties>
  <testcase classname="org.apache.commons.validator.VarTest" name="testVars" time="0.001">
    <error message="Invalid byte 2 of 2-byte UTF-8 sequence." type="org.apache.commons.digester.xmlrules.XmlLoadException">org.apache.commons.digester.xmlrules.XmlLoadException: Invalid byte 2 of 2-byte UTF-8 sequence.
	at org.apache.commons.digester.xmlrules.FromXmlRuleSet.addRuleInstances(FromXmlRuleSet.java:139)
	at org.apache.commons.digester.Digester.addRuleSet(Digester.java:1610)
	at org.apache.commons.digester.xmlrules.DigesterLoader.createDigester(DigesterLoader.java:89)
	at org.apache.commons.validator.ValidatorResources.initDigester(ValidatorResources.java:261)
	at org.apache.commons.validator.ValidatorResources.&lt;init&gt;(ValidatorResources.java:157)
	at org.apache.commons.validator.ValidatorResources.&lt;init&gt;(ValidatorResources.java:137)
	at org.apache.commons.validator.AbstractCommonTest.loadResources(AbstractCommonTest.java:52)
	at org.apache.commons.validator.VarTest.setUp(VarTest.java:55)
	at junit.framework.TestCase.runBare(TestCase.java:128)
	at junit.framework.TestResult$1.protect(TestResult.java:106)
	at junit.framework.TestResult.runProtected(TestResult.java:124)
	at junit.framework.TestResult.run(TestResult.java:109)
	at junit.framework.TestCase.run(TestCase.java:120)
	at junit.framework.TestSuite.runTest(TestSuite.java:230)
	at junit.framework.TestSuite.run(TestSuite.java:225)
	at java.base/jdk.internal.reflect.NativeMethodAccessorImpl.invoke0(Native Method)
	at java.base/jdk.internal.reflect.NativeMethodAccessorImpl.invoke(NativeMethodAccessorImpl.java:78)
	at java.base/jdk.internal.reflect.DelegatingMethodAccessorImpl.invoke(DelegatingMethodAccessorImpl.java:43)
	at java.base/java.lang.reflect.Method.invoke(Method.java:567)
	at org.apache.maven.surefire.junit.JUnitTestSet.execute(JUnitTestSet.java:98)
	at org.apache.maven.surefire.junit.JUnit3Provider.executeTestSet(JUnit3Provider.java:117)
	at org.apache.maven.surefire.junit.JUnit3Provider.invoke(JUnit3Provider.java:94)
	at java.base/jdk.internal.reflect.NativeMethodAccessorImpl.invoke0(Native Method)
	at java.base/jdk.internal.reflect.NativeMethodAccessorImpl.invoke(NativeMethodAccessorImpl.java:78)
	at java.base/jdk.internal.reflect.DelegatingMethodAccessorImpl.invoke(DelegatingMethodAccessorImpl.java:43)
	at java.base/java.lang.reflect.Method.invoke(Method.java:567)
	at org.apache.maven.surefire.util.ReflectionUtils.invokeMethodWithArray(ReflectionUtils.java:164)
	at org.apache.maven.surefire.booter.ProviderFactory$ProviderProxy.invoke(ProviderFactory.java:110)
	at org.apache.maven.surefire.booter.SurefireStarter.invokeProvider(SurefireStarter.java:172)
	at org.apache.maven.surefire.booter.SurefireStarter.runSuitesInProcessWhenForked(SurefireStarter.java:104)
	at org.apache.maven.surefire.booter.ForkedBooter.main(ForkedBooter.java:70)
</error>
    <system-err>Jul 27, 2021 10:21:39 AM org.apache.commons.digester.Digester fatalError
SEVERE: Parse Fatal Error at line 106 column 1: Invalid byte 2 of 2-byte UTF-8 sequence.
org.xml.sax.SAXParseException; lineNumber: 106; columnNumber: 1; Invalid byte 2 of 2-byte UTF-8 sequence.
	at java.xml/com.sun.org.apache.xerces.internal.util.ErrorHandlerWrapper.createSAXParseException(ErrorHandlerWrapper.java:204)
	at java.xml/com.sun.org.apache.xerces.internal.util.ErrorHandlerWrapper.fatalError(ErrorHandlerWrapper.java:178)
	at java.xml/com.sun.org.apache.xerces.internal.impl.XMLErrorReporter.reportError(XMLErrorReporter.java:400)
	at java.xml/com.sun.org.apache.xerces.internal.impl.XMLErrorReporter.reportError(XMLErrorReporter.java:306)
	at java.xml/com.sun.org.apache.xerces.internal.impl.XMLDocumentScannerImpl$DTDDriver.dispatch(XMLDocumentScannerImpl.java:1185)
	at java.xml/com.sun.org.apache.xerces.internal.impl.XMLDocumentScannerImpl$DTDDriver.next(XMLDocumentScannerImpl.java:1040)
	at java.xml/com.sun.org.apache.xerces.internal.impl.XMLDocumentScannerImpl$PrologDriver.next(XMLDocumentScannerImpl.java:943)
	at java.xml/com.sun.org.apache.xerces.internal.impl.XMLDocumentScannerImpl.next(XMLDocumentScannerImpl.java:605)
	at java.xml/com.sun.org.apache.xerces.internal.impl.XMLDocumentFragmentScannerImpl.scanDocument(XMLDocumentFragmentScannerImpl.java:541)
	at java.xml/com.sun.org.apache.xerces.internal.parsers.XML11Configuration.parse(XML11Configuration.java:888)
	at java.xml/com.sun.org.apache.xerces.internal.parsers.XML11Configuration.parse(XML11Configuration.java:824)
	at java.xml/com.sun.org.apache.xerces.internal.parsers.XMLParser.parse(XMLParser.java:141)
	at java.xml/com.sun.org.apache.xerces.internal.parsers.AbstractSAXParser.parse(AbstractSAXParser.java:1224)
	at java.xml/com.sun.org.apache.xerces.internal.jaxp.SAXParserImpl$JAXPSAXParser.parse(SAXParserImpl.java:635)
	at org.apache.commons.digester.Digester.parse(Digester.java:1514)
	at org.apache.commons.digester.xmlrules.FromXmlRuleSet.addRuleInstances(FromXmlRuleSet.java:137)
	at org.apache.commons.digester.Digester.addRuleSet(Digester.java:1610)
	at org.apache.commons.digester.xmlrules.DigesterLoader.createDigester(DigesterLoader.java:89)
	at org.apache.commons.validator.ValidatorResources.initDigester(ValidatorResources.java:261)
	at org.apache.commons.validator.ValidatorResources.&lt;init&gt;(ValidatorResources.java:157)
	at org.apache.commons.validator.ValidatorResources.&lt;init&gt;(ValidatorResources.java:137)
	at org.apache.commons.validator.AbstractCommonTest.loadResources(AbstractCommonTest.java:52)
	at org.apache.commons.validator.VarTest.setUp(VarTest.java:55)
	at junit.framework.TestCase.runBare(TestCase.java:128)
	at junit.framework.TestResult$1.protect(TestResult.java:106)
	at junit.framework.TestResult.runProtected(TestResult.java:124)
	at junit.framework.TestResult.run(TestResult.java:109)
	at junit.framework.TestCase.run(TestCase.java:120)
	at junit.framework.TestSuite.runTest(TestSuite.java:230)
	at junit.framework.TestSuite.run(TestSuite.java:225)
	at java.base/jdk.internal.reflect.NativeMethodAccessorImpl.invoke0(Native Method)
	at java.base/jdk.internal.reflect.NativeMethodAccessorImpl.invoke(NativeMethodAccessorImpl.java:78)
	at java.base/jdk.internal.reflect.DelegatingMethodAccessorImpl.invoke(DelegatingMethodAccessorImpl.java:43)
	at java.base/java.lang.reflect.Method.invoke(Method.java:567)
	at org.apache.maven.surefire.junit.JUnitTestSet.execute(JUnitTestSet.java:98)
	at org.apache.maven.surefire.junit.JUnit3Provider.executeTestSet(JUnit3Provider.java:117)
	at org.apache.maven.surefire.junit.JUnit3Provider.invoke(JUnit3Provider.java:94)
	at java.base/jdk.internal.reflect.NativeMethodAccessorImpl.invoke0(Native Method)
	at java.base/jdk.internal.reflect.NativeMethodAccessorImpl.invoke(NativeMethodAccessorImpl.java:78)
	at java.base/jdk.internal.reflect.DelegatingMethodAccessorImpl.invoke(DelegatingMethodAccessorImpl.java:43)
	at java.base/java.lang.reflect.Method.invoke(Method.java:567)
	at org.apache.maven.surefire.util.ReflectionUtils.invokeMethodWithArray(ReflectionUtils.java:164)
	at org.apache.maven.surefire.booter.ProviderFactory$ProviderProxy.invoke(ProviderFactory.java:110)
	at org.apache.maven.surefire.booter.SurefireStarter.invokeProvider(SurefireStarter.java:172)
	at org.apache.maven.surefire.booter.SurefireStarter.runSuitesInProcessWhenForked(SurefireStarter.java:104)
	at org.apache.maven.surefire.booter.ForkedBooter.main(ForkedBooter.java:70)
Caused by: com.sun.org.apache.xerces.internal.impl.io.MalformedByteSequenceException: Invalid byte 2 of 2-byte UTF-8 sequence.
	at java.xml/com.sun.org.apache.xerces.internal.impl.io.UTF8Reader.invalidByte(UTF8Reader.java:702)
	at java.xml/com.sun.org.apache.xerces.internal.impl.io.UTF8Reader.read(UTF8Reader.java:373)
	at java.xml/com.sun.org.apache.xerces.internal.impl.XMLEntityScanner.load(XMLEntityScanner.java:1904)
	at java.xml/com.sun.org.apache.xerces.internal.impl.XMLEntityScanner.skipSpaces(XMLEntityScanner.java:1694)
	at java.xml/com.sun.org.apache.xerces.internal.impl.XMLDTDScannerImpl.skipSeparator(XMLDTDScannerImpl.java:2088)
	at java.xml/com.sun.org.apache.xerces.internal.impl.XMLDTDScannerImpl.scanAttlistDecl(XMLDTDScannerImpl.java:1197)
	at java.xml/com.sun.org.apache.xerces.internal.impl.XMLDTDScannerImpl.scanDecls(XMLDTDScannerImpl.java:2016)
	at java.xml/com.sun.org.apache.xerces.internal.impl.XMLDTDScannerImpl.scanDTDExternalSubset(XMLDTDScannerImpl.java:299)
	at java.xml/com.sun.org.apache.xerces.internal.impl.XMLDocumentScannerImpl$DTDDriver.dispatch(XMLDocumentScannerImpl.java:1165)
	... 41 more

</system-err>
  </testcase>
</testsuite>