<?xml version="1.0" encoding="UTF-8" ?>
<testsuite tests="6" failures="3" name="org.apache.commons.validator.routines.CurrencyValidatorTest" time="0.011" errors="0" skipped="0">
  <properties>
[...]
</properties>
  <testcase classname="org.apache.commons.validator.routines.CurrencyValidatorTest" name="testPattern" time="0.008"/>
  <testcase classname="org.apache.commons.validator.routines.CurrencyValidatorTest" name="testFormatType" time="0.001"/>
  <testcase classname="org.apache.commons.validator.routines.CurrencyValidatorTest" name="testInvalid" time="0">
    <failure message="US wrong negative" type="junit.framework.AssertionFailedError">junit.framework.AssertionFailedError: US wrong negative
	at junit.framework.Assert.fail(Assert.java:47)
	at junit.framework.Assert.assertTrue(Assert.java:20)
	at junit.framework.Assert.assertFalse(Assert.java:34)
	at org.apache.commons.validator.routines.CurrencyValidatorTest.testInvalid(CurrencyValidatorTest.java:119)
</failure>
  </testcase>
  <testcase classname="org.apache.commons.validator.routines.CurrencyValidatorTest" name="testValid" time="0.001">
    <failure message="US negative expected:&lt;-1234.56&gt; but was:&lt;null&gt;" type="junit.framework.AssertionFailedError">junit.framework.AssertionFailedError: US negative expected:&lt;-1234.56&gt; but was:&lt;null&gt;
	at junit.framework.Assert.fail(Assert.java:47)
	at junit.framework.Assert.failNotEquals(Assert.java:280)
	at junit.framework.Assert.assertEquals(Assert.java:64)
	at org.apache.commons.validator.routines.CurrencyValidatorTest.testValid(CurrencyValidatorTest.java:91)
</failure>
  </testcase>
  <testcase classname="org.apache.commons.validator.routines.CurrencyValidatorTest" name="testIntegerValid" time="0">
    <failure message="US negative expected:&lt;-1234.00&gt; but was:&lt;null&gt;" type="junit.framework.AssertionFailedError">junit.framework.AssertionFailedError: US negative expected:&lt;-1234.00&gt; but was:&lt;null&gt;
	at junit.framework.Assert.fail(Assert.java:47)
	at junit.framework.Assert.failNotEquals(Assert.java:280)
	at junit.framework.Assert.assertEquals(Assert.java:64)
	at org.apache.commons.validator.routines.CurrencyValidatorTest.testIntegerValid(CurrencyValidatorTest.java:140)
</failure>
  </testcase>
  <testcase classname="org.apache.commons.validator.routines.CurrencyValidatorTest" name="testIntegerInvalid" time="0.001"/>
</testsuite>