<?xml version="1.0" encoding="UTF-8" ?>
<testsuite tests="10" failures="2" name="org.apache.commons.validator.routines.CalendarValidatorTest" time="0.009" errors="1" skipped="0">
  <properties>
[...]
</properties>
  <testcase classname="org.apache.commons.validator.routines.CalendarValidatorTest" name="testCompare" time="0"/>
  <testcase classname="org.apache.commons.validator.routines.CalendarValidatorTest" name="testFormat" time="0.001">
    <failure message="default expected:&lt;31/12/[]05&gt; but was:&lt;31/12/[20]05&gt;" type="junit.framework.ComparisonFailure">junit.framework.ComparisonFailure: default expected:&lt;31/12/[]05&gt; but was:&lt;31/12/[20]05&gt;
	at junit.framework.Assert.assertEquals(Assert.java:81)
	at org.apache.commons.validator.routines.CalendarValidatorTest.testFormat(CalendarValidatorTest.java:210)
</failure>
  </testcase>
  <testcase classname="org.apache.commons.validator.routines.CalendarValidatorTest" name="testCalendarValidatorMethods" time="0.001">
    <error message="Cannot invoke &quot;java.util.Calendar.getTime()&quot; because the return value of &quot;org.apache.commons.validator.routines.CalendarValidator.validate(String, String, java.util.Locale)&quot; is null" type="java.lang.NullPointerException">java.lang.NullPointerException: Cannot invoke &quot;java.util.Calendar.getTime()&quot; because the return value of &quot;org.apache.commons.validator.routines.CalendarValidator.validate(String, String, java.util.Locale)&quot; is null
	at org.apache.commons.validator.routines.CalendarValidatorTest.testCalendarValidatorMethods(CalendarValidatorTest.java:69)
</error>
  </testcase>
  <testcase classname="org.apache.commons.validator.routines.CalendarValidatorTest" name="testDateTimeStyle" time="0.001">
    <failure message="validate(A) default" type="junit.framework.AssertionFailedError">junit.framework.AssertionFailedError: validate(A) default
	at junit.framework.Assert.fail(Assert.java:47)
	at junit.framework.Assert.assertTrue(Assert.java:20)
	at org.apache.commons.validator.routines.CalendarValidatorTest.testDateTimeStyle(CalendarValidatorTest.java:193)
</failure>
  </testcase>
  <testcase classname="org.apache.commons.validator.routines.CalendarValidatorTest" name="testAdjustToTimeZone" time="0"/>
  <testcase classname="org.apache.commons.validator.routines.CalendarValidatorTest" name="testPatternValid" time="0.001"/>
  <testcase classname="org.apache.commons.validator.routines.CalendarValidatorTest" name="testPatternInvalid" time="0.001"/>
  <testcase classname="org.apache.commons.validator.routines.CalendarValidatorTest" name="testLocaleValid" time="0.001"/>
  <testcase classname="org.apache.commons.validator.routines.CalendarValidatorTest" name="testLocaleInvalid" time="0.001"/>
  <testcase classname="org.apache.commons.validator.routines.CalendarValidatorTest" name="testSerialization" time="0.001"/>
</testsuite>