<?xml version="1.0" encoding="UTF-8" ?>
<testsuite tests="10" failures="2" name="org.apache.commons.validator.routines.CalendarValidatorTest" time="0.009" errors="1" skipped="0">
  <properties>
    <property name="java.runtime.name" value="OpenJDK Runtime Environment"/>
    <property name="java.vm.version" value="16.0.1+0"/>
    <property name="sun.boot.library.path" value="/usr/local/Cellar/openjdk/16.0.1/libexec/openjdk.jdk/Contents/Home/lib"/>
    <property name="maven.multiModuleProjectDirectory" value="/Users/cheny39/Documents/tmp/reg-ex/commons-validator-1.4.0-digester-2.1"/>
    <property name="java.vm.vendor" value="Homebrew"/>
    <property name="java.vendor.url" value="https://github.com/Homebrew/homebrew-core/issues"/>
    <property name="path.separator" value=":"/>
    <property name="guice.disable.misplaced.annotation.check" value="true"/>
    <property name="java.vm.name" value="OpenJDK 64-Bit Server VM"/>
    <property name="user.country" value="US"/>
    <property name="sun.java.launcher" value="SUN_STANDARD"/>
    <property name="java.vm.specification.name" value="Java Virtual Machine Specification"/>
    <property name="user.dir" value="/Users/cheny39/Documents/tmp/reg-ex/commons-validator-1.4.0-digester-2.1"/>
    <property name="java.vm.compressedOopsMode" value="Zero based"/>
    <property name="java.runtime.version" value="16.0.1+0"/>
    <property name="os.arch" value="x86_64"/>
    <property name="java.io.tmpdir" value="/var/folders/14/vhn7bg5s7sv9dm_6jp6hw2344lf2mx/T/"/>
    <property name="line.separator" value="
"/>
    <property name="java.vm.specification.vendor" value="Oracle Corporation"/>
    <property name="os.name" value="Mac OS X"/>
    <property name="classworlds.conf" value="/usr/local/Cellar/maven/3.8.1/libexec/bin/m2.conf"/>
    <property name="sun.jnu.encoding" value="UTF-8"/>
    <property name="java.library.path" value="/Users/cheny39/Library/Java/Extensions:/Library/Java/Extensions:/Network/Library/Java/Extensions:/System/Library/Java/Extensions:/usr/lib/java:."/>
    <property name="maven.conf" value="/usr/local/Cellar/maven/3.8.1/libexec/conf"/>
    <property name="jdk.debug" value="release"/>
    <property name="java.class.version" value="60.0"/>
    <property name="java.specification.name" value="Java Platform API Specification"/>
    <property name="sun.management.compiler" value="HotSpot 64-Bit Tiered Compilers"/>
    <property name="os.version" value="10.15.7"/>
    <property name="library.jansi.path" value="/usr/local/Cellar/maven/3.8.1/libexec/lib/jansi-native"/>
    <property name="user.home" value="/Users/cheny39"/>
    <property name="user.timezone" value="America/New_York"/>
    <property name="file.encoding" value="UTF-8"/>
    <property name="java.specification.version" value="16"/>
    <property name="user.name" value="cheny39"/>
    <property name="java.class.path" value="/usr/local/Cellar/maven/3.8.1/libexec/boot/plexus-classworlds-2.6.0.jar"/>
    <property name="java.vm.specification.version" value="16"/>
    <property name="sun.arch.data.model" value="64"/>
    <property name="sun.java.command" value="org.codehaus.plexus.classworlds.launcher.Launcher package"/>
    <property name="java.home" value="/usr/local/Cellar/openjdk/16.0.1/libexec/openjdk.jdk/Contents/Home"/>
    <property name="user.language" value="en"/>
    <property name="java.specification.vendor" value="Oracle Corporation"/>
    <property name="java.vm.info" value="mixed mode, sharing"/>
    <property name="java.version" value="16.0.1"/>
    <property name="java.vendor" value="Homebrew"/>
    <property name="maven.home" value="/usr/local/Cellar/maven/3.8.1/libexec"/>
    <property name="file.separator" value="/"/>
    <property name="java.version.date" value="2021-04-20"/>
    <property name="java.vendor.url.bug" value="https://github.com/Homebrew/homebrew-core/issues"/>
    <property name="sun.io.unicode.encoding" value="UnicodeBig"/>
    <property name="sun.cpu.endian" value="little"/>
    <property name="java.vendor.version" value="Homebrew"/>
  </properties>
  <testcase classname="org.apache.commons.validator.routines.CalendarValidatorTest" name="testCompare" time="0"/>
  <testcase classname="org.apache.commons.validator.routines.CalendarValidatorTest" name="testFormat" time="0.001">
    <failure message="default expected:&lt;31/12/[]05&gt; but was:&lt;31/12/[20]05&gt;" type="junit.framework.ComparisonFailure">junit.framework.ComparisonFailure: default expected:&lt;31/12/[]05&gt; but was:&lt;31/12/[20]05&gt;
	at junit.framework.Assert.assertEquals(Assert.java:81)
	at org.apache.commons.validator.routines.CalendarValidatorTest.testFormat(CalendarValidatorTest.java:210)
</failure>
  </testcase>
  <testcase classname="org.apache.commons.validator.routines.CalendarValidatorTest" name="testCalendarValidatorMethods" time="0.001">
    <error message="Cannot invoke &quot;java.util.Calendar.getTime()&quot; because the return value of &quot;org.apache.commons.validator.routines.CalendarValidator.validate(String, String, java.util.Locale)&quot; is null" type="java.lang.NullPointerException">java.lang.NullPointerException: Cannot invoke &quot;java.util.Calendar.getTime()&quot; because the return value of &quot;org.apache.commons.validator.routines.CalendarValidator.validate(String, String, java.util.Locale)&quot; is null
	at org.apache.commons.validator.routines.CalendarValidatorTest.testCalendarValidatorMethods(CalendarValidatorTest.java:69)
</error>
  </testcase>
  <testcase classname="org.apache.commons.validator.routines.CalendarValidatorTest" name="testDateTimeStyle" time="0.001">
    <failure message="validate(A) default" type="junit.framework.AssertionFailedError">junit.framework.AssertionFailedError: validate(A) default
	at junit.framework.Assert.fail(Assert.java:47)
	at junit.framework.Assert.assertTrue(Assert.java:20)
	at org.apache.commons.validator.routines.CalendarValidatorTest.testDateTimeStyle(CalendarValidatorTest.java:193)
</failure>
  </testcase>
  <testcase classname="org.apache.commons.validator.routines.CalendarValidatorTest" name="testAdjustToTimeZone" time="0"/>
  <testcase classname="org.apache.commons.validator.routines.CalendarValidatorTest" name="testPatternValid" time="0.001"/>
  <testcase classname="org.apache.commons.validator.routines.CalendarValidatorTest" name="testPatternInvalid" time="0.001"/>
  <testcase classname="org.apache.commons.validator.routines.CalendarValidatorTest" name="testLocaleValid" time="0.001"/>
  <testcase classname="org.apache.commons.validator.routines.CalendarValidatorTest" name="testLocaleInvalid" time="0.001"/>
  <testcase classname="org.apache.commons.validator.routines.CalendarValidatorTest" name="testSerialization" time="0.001"/>
</testsuite>